<?xml version="1.0" encoding="UTF-8"?>
<!-- Generated by org.testng.reporters.JUnitXMLReporter -->
<testsuite hostname="C02NG1BEG3QN" name="AOSLSE API" tests="4" failures="0" timestamp="9 Oct 2018 21:36:29 GMT" time="65.844" errors="0">
  <testcase name="@BeforeMethod createCartIDRemoveCart" time="0.0" classname="com.levi.api.aoslse.RemoveCart">
    <failure type="java.lang.IllegalArgumentException" message="accessToken cannot be null">
      <![CDATA[java.lang.IllegalArgumentException: accessToken cannot be null
	at org.codehaus.groovy.runtime.callsite.ConstructorSite$ConstructorSiteNoUnwrap.callConstructor(ConstructorSite.java:84)
	at org.codehaus.groovy.runtime.callsite.CallSiteArray.defaultCallConstructor(CallSiteArray.java:60)
	at org.codehaus.groovy.runtime.callsite.AbstractCallSite.callConstructor(AbstractCallSite.java:235)
	at org.codehaus.groovy.runtime.callsite.AbstractCallSite.callConstructor(AbstractCallSite.java:247)
	at com.jayway.restassured.internal.assertion.AssertParameter.notNull(AssertParameter.groovy:26)
	at com.jayway.restassured.internal.assertion.AssertParameter$notNull.callStatic(Unknown Source)
	at org.codehaus.groovy.runtime.callsite.CallSiteArray.defaultCallStatic(CallSiteArray.java:56)
	at com.jayway.restassured.internal.assertion.AssertParameter$notNull.callStatic(Unknown Source)
	at com.jayway.restassured.internal.AuthenticationSpecificationImpl.oauth2(AuthenticationSpecificationImpl.groovy:147)
	at com.jayway.restassured.specification.AuthenticationSpecification$oauth2.callCurrent(Unknown Source)
	at org.codehaus.groovy.runtime.callsite.CallSiteArray.defaultCallCurrent(CallSiteArray.java:52)
	at com.jayway.restassured.specification.AuthenticationSpecification$oauth2.callCurrent(Unknown Source)
	at com.jayway.restassured.internal.AuthenticationSpecificationImpl.oauth2(AuthenticationSpecificationImpl.groovy:140)
	at com.levi.api.aoslse.RemoveCart.createCartIDRemoveCart(RemoveCart.java:135)
	at java.util.concurrent.FutureTask.run(FutureTask.java:266)
	at java.util.concurrent.ThreadPoolExecutor.runWorker(ThreadPoolExecutor.java:1149)
	at java.util.concurrent.ThreadPoolExecutor$Worker.run(ThreadPoolExecutor.java:624)
	at java.lang.Thread.run(Thread.java:748)
... Removed 24 stack frames]]>
    </failure>
  </testcase> <!-- @BeforeMethod createCartIDRemoveCart -->
  <testcase name="@BeforeMethod getTokenRemoveCart" time="0.0" classname="com.levi.api.aoslse.RemoveCart">
    <skipped/>
  </testcase> <!-- @BeforeMethod getTokenRemoveCart -->
  <testcase name="@AfterMethod captureStatus" time="0.0" classname="com.levi.api.aoslse.RemoveCart">
    <skipped/>
  </testcase> <!-- @AfterMethod captureStatus -->
  <testcase name="promo" time="22.315" classname="com.levi.api.aoslse.Promo"/>
  <testcase name="editCart" time="19.332" classname="com.levi.api.aoslse.EditCart"/>
  <testcase name="happy" time="18.829" classname="com.levi.api.aoslse.Happy"/>
  <testcase name="removeCart" time="0.0" classname="com.levi.api.aoslse.RemoveCart">
    <skipped/>
  </testcase> <!-- removeCart -->
</testsuite> <!-- AOSLSE API -->
