<?xml version="1.0" encoding="UTF-8"?>
<testng-results skipped="1" failed="0" total="4" passed="3">
  <reporter-output>
  </reporter-output>
  <suite name="Levi API Suite" duration-ms="65844" started-at="2018-10-09T21:35:23Z" finished-at="2018-10-09T21:36:29Z">
    <groups>
    </groups>
    <test name="AOSLSE API" duration-ms="65844" started-at="2018-10-09T21:35:23Z" finished-at="2018-10-09T21:36:29Z">
      <class name="com.levi.api.aoslse.EditCart">
        <test-method status="PASS" signature="setup()[pri:0, instance:com.levi.api.aoslse.EditCart@96532d6]" name="setup" is-config="true" duration-ms="362" started-at="2018-10-09T14:35:23Z" finished-at="2018-10-09T14:35:23Z">
          <reporter-output>
          </reporter-output>
        </test-method> <!-- setup -->
        <test-method status="PASS" signature="setup()[pri:0, instance:com.levi.api.aoslse.Happy@3796751b]" name="setup" is-config="true" duration-ms="4" started-at="2018-10-09T14:35:23Z" finished-at="2018-10-09T14:35:23Z">
          <reporter-output>
          </reporter-output>
        </test-method> <!-- setup -->
        <test-method status="PASS" signature="setup()[pri:0, instance:com.levi.api.aoslse.Promo@506e6d5e]" name="setup" is-config="true" duration-ms="4" started-at="2018-10-09T14:35:23Z" finished-at="2018-10-09T14:35:23Z">
          <reporter-output>
          </reporter-output>
        </test-method> <!-- setup -->
        <test-method status="PASS" signature="setup()[pri:0, instance:com.levi.api.aoslse.RemoveCart@67b64c45]" name="setup" is-config="true" duration-ms="3" started-at="2018-10-09T14:35:23Z" finished-at="2018-10-09T14:35:23Z">
          <reporter-output>
          </reporter-output>
        </test-method> <!-- setup -->
        <test-method status="PASS" signature="editAuthToken()[pri:0, instance:com.levi.api.aoslse.EditCart@96532d6]" name="editAuthToken" is-config="true" duration-ms="493" started-at="2018-10-09T14:35:48Z" finished-at="2018-10-09T14:35:49Z">
          <reporter-output>
          </reporter-output>
        </test-method> <!-- editAuthToken -->
        <test-method status="PASS" signature="editCartID()[pri:0, instance:com.levi.api.aoslse.EditCart@96532d6]" name="editCartID" is-config="true" duration-ms="505" started-at="2018-10-09T14:35:49Z" finished-at="2018-10-09T14:35:49Z">
          <reporter-output>
          </reporter-output>
        </test-method> <!-- editCartID -->
        <test-method status="PASS" signature="editCart()[pri:0, instance:com.levi.api.aoslse.EditCart@96532d6]" name="editCart" duration-ms="19332" started-at="2018-10-09T14:35:49Z" finished-at="2018-10-09T14:36:09Z">
          <reporter-output>
          </reporter-output>
        </test-method> <!-- editCart -->
        <test-method status="PASS" signature="captureStatus(org.testng.ITestResult)[pri:0, instance:com.levi.api.aoslse.EditCart@96532d6]" name="captureStatus" is-config="true" duration-ms="0" started-at="2018-10-09T14:36:09Z" finished-at="2018-10-09T14:36:09Z">
          <params>
            <param index="0">
              <value>
                <![CDATA[[TestResult name=editCart status=SUCCESS method=EditCart.editCart()[pri:0, instance:com.levi.api.aoslse.EditCart@96532d6] output={null}]]]>
              </value>
            </param>
          </params>
          <reporter-output>
          </reporter-output>
        </test-method> <!-- captureStatus -->
        <test-method status="PASS" signature="cleanup()[pri:0, instance:com.levi.api.aoslse.EditCart@96532d6]" name="cleanup" is-config="true" duration-ms="196" started-at="2018-10-09T14:36:29Z" finished-at="2018-10-09T14:36:29Z">
          <reporter-output>
          </reporter-output>
        </test-method> <!-- cleanup -->
        <test-method status="PASS" signature="cleanup()[pri:0, instance:com.levi.api.aoslse.Happy@3796751b]" name="cleanup" is-config="true" duration-ms="35" started-at="2018-10-09T14:36:29Z" finished-at="2018-10-09T14:36:29Z">
          <reporter-output>
          </reporter-output>
        </test-method> <!-- cleanup -->
        <test-method status="PASS" signature="cleanup()[pri:0, instance:com.levi.api.aoslse.Promo@506e6d5e]" name="cleanup" is-config="true" duration-ms="30" started-at="2018-10-09T14:36:29Z" finished-at="2018-10-09T14:36:29Z">
          <reporter-output>
          </reporter-output>
        </test-method> <!-- cleanup -->
        <test-method status="PASS" signature="cleanup()[pri:0, instance:com.levi.api.aoslse.RemoveCart@67b64c45]" name="cleanup" is-config="true" duration-ms="0" started-at="2018-10-09T14:36:29Z" finished-at="2018-10-09T14:36:29Z">
          <reporter-output>
          </reporter-output>
        </test-method> <!-- cleanup -->
      </class> <!-- com.levi.api.aoslse.EditCart -->
      <class name="com.levi.api.aoslse.Happy">
        <test-method status="PASS" signature="authToken()[pri:0, instance:com.levi.api.aoslse.Happy@3796751b]" name="authToken" is-config="true" duration-ms="454" started-at="2018-10-09T14:36:09Z" finished-at="2018-10-09T14:36:09Z">
          <reporter-output>
          </reporter-output>
        </test-method> <!-- authToken -->
        <test-method status="PASS" signature="createCartID()[pri:0, instance:com.levi.api.aoslse.Happy@3796751b]" name="createCartID" is-config="true" duration-ms="660" started-at="2018-10-09T14:36:09Z" finished-at="2018-10-09T14:36:10Z">
          <reporter-output>
          </reporter-output>
        </test-method> <!-- createCartID -->
        <test-method status="PASS" signature="happy()[pri:0, instance:com.levi.api.aoslse.Happy@3796751b]" name="happy" duration-ms="18829" started-at="2018-10-09T14:36:10Z" finished-at="2018-10-09T14:36:29Z">
          <reporter-output>
          </reporter-output>
        </test-method> <!-- happy -->
        <test-method status="PASS" signature="captureStatus(org.testng.ITestResult)[pri:0, instance:com.levi.api.aoslse.Happy@3796751b]" name="captureStatus" is-config="true" duration-ms="1" started-at="2018-10-09T14:36:29Z" finished-at="2018-10-09T14:36:29Z">
          <params>
            <param index="0">
              <value>
                <![CDATA[[TestResult name=happy status=SUCCESS method=Happy.happy()[pri:0, instance:com.levi.api.aoslse.Happy@3796751b] output={null}]]]>
              </value>
            </param>
          </params>
          <reporter-output>
          </reporter-output>
        </test-method> <!-- captureStatus -->
      </class> <!-- com.levi.api.aoslse.Happy -->
      <class name="com.levi.api.aoslse.RemoveCart">
        <test-method status="FAIL" signature="createCartIDRemoveCart()[pri:0, instance:com.levi.api.aoslse.RemoveCart@67b64c45]" name="createCartIDRemoveCart" is-config="true" duration-ms="0" started-at="2018-10-09T14:36:29Z" finished-at="2018-10-09T14:36:29Z">
          <exception class="java.lang.IllegalArgumentException">
            <message>
              <![CDATA[accessToken cannot be null]]>
            </message>
            <full-stacktrace>
              <![CDATA[java.lang.IllegalArgumentException: accessToken cannot be null
	at sun.reflect.NativeConstructorAccessorImpl.newInstance0(Native Method)
	at sun.reflect.NativeConstructorAccessorImpl.newInstance(NativeConstructorAccessorImpl.java:62)
	at sun.reflect.DelegatingConstructorAccessorImpl.newInstance(DelegatingConstructorAccessorImpl.java:45)
	at java.lang.reflect.Constructor.newInstance(Constructor.java:423)
	at org.codehaus.groovy.reflection.CachedConstructor.invoke(CachedConstructor.java:80)
	at org.codehaus.groovy.reflection.CachedConstructor.doConstructorInvoke(CachedConstructor.java:74)
	at org.codehaus.groovy.runtime.callsite.ConstructorSite$ConstructorSiteNoUnwrap.callConstructor(ConstructorSite.java:84)
	at org.codehaus.groovy.runtime.callsite.CallSiteArray.defaultCallConstructor(CallSiteArray.java:60)
	at org.codehaus.groovy.runtime.callsite.AbstractCallSite.callConstructor(AbstractCallSite.java:235)
	at org.codehaus.groovy.runtime.callsite.AbstractCallSite.callConstructor(AbstractCallSite.java:247)
	at com.jayway.restassured.internal.assertion.AssertParameter.notNull(AssertParameter.groovy:26)
	at com.jayway.restassured.internal.assertion.AssertParameter$notNull.callStatic(Unknown Source)
	at org.codehaus.groovy.runtime.callsite.CallSiteArray.defaultCallStatic(CallSiteArray.java:56)
	at com.jayway.restassured.internal.assertion.AssertParameter$notNull.callStatic(Unknown Source)
	at com.jayway.restassured.internal.AuthenticationSpecificationImpl.oauth2(AuthenticationSpecificationImpl.groovy:147)
	at com.jayway.restassured.specification.AuthenticationSpecification$oauth2.callCurrent(Unknown Source)
	at org.codehaus.groovy.runtime.callsite.CallSiteArray.defaultCallCurrent(CallSiteArray.java:52)
	at com.jayway.restassured.specification.AuthenticationSpecification$oauth2.callCurrent(Unknown Source)
	at com.jayway.restassured.internal.AuthenticationSpecificationImpl.oauth2(AuthenticationSpecificationImpl.groovy:140)
	at com.levi.api.aoslse.RemoveCart.createCartIDRemoveCart(RemoveCart.java:135)
	at sun.reflect.NativeMethodAccessorImpl.invoke0(Native Method)
	at sun.reflect.NativeMethodAccessorImpl.invoke(NativeMethodAccessorImpl.java:62)
	at sun.reflect.DelegatingMethodAccessorImpl.invoke(DelegatingMethodAccessorImpl.java:43)
	at java.lang.reflect.Method.invoke(Method.java:498)
	at org.testng.internal.MethodInvocationHelper.invokeMethod(MethodInvocationHelper.java:86)
	at org.testng.internal.Invoker.invokeConfigurationMethod(Invoker.java:514)
	at org.testng.internal.Invoker.invokeConfigurations(Invoker.java:215)
	at org.testng.internal.Invoker.invokeMethod(Invoker.java:589)
	at org.testng.internal.Invoker.invokeTestMethod(Invoker.java:820)
	at org.testng.internal.Invoker.invokeTestMethods(Invoker.java:1128)
	at org.testng.internal.TestMethodWorker.invokeTestMethods(TestMethodWorker.java:129)
	at org.testng.internal.TestMethodWorker.run(TestMethodWorker.java:112)
	at org.testng.TestRunner.privateRun(TestRunner.java:782)
	at org.testng.TestRunner.run(TestRunner.java:632)
	at org.testng.SuiteRunner.runTest(SuiteRunner.java:366)
	at org.testng.SuiteRunner.access$000(SuiteRunner.java:39)
	at org.testng.SuiteRunner$SuiteWorker.run(SuiteRunner.java:400)
	at org.testng.internal.thread.ThreadUtil$2.call(ThreadUtil.java:64)
	at java.util.concurrent.FutureTask.run(FutureTask.java:266)
	at java.util.concurrent.ThreadPoolExecutor.runWorker(ThreadPoolExecutor.java:1149)
	at java.util.concurrent.ThreadPoolExecutor$Worker.run(ThreadPoolExecutor.java:624)
	at java.lang.Thread.run(Thread.java:748)
]]>
            </full-stacktrace>
          </exception> <!-- java.lang.IllegalArgumentException -->
          <reporter-output>
          </reporter-output>
        </test-method> <!-- createCartIDRemoveCart -->
        <test-method status="SKIP" signature="getTokenRemoveCart()[pri:0, instance:com.levi.api.aoslse.RemoveCart@67b64c45]" name="getTokenRemoveCart" is-config="true" duration-ms="0" started-at="2018-10-09T14:36:29Z" finished-at="2018-10-09T14:36:29Z">
          <reporter-output>
          </reporter-output>
        </test-method> <!-- getTokenRemoveCart -->
        <test-method status="SKIP" signature="captureStatus(org.testng.ITestResult)[pri:0, instance:com.levi.api.aoslse.RemoveCart@67b64c45]" name="captureStatus" is-config="true" duration-ms="0" started-at="2018-10-09T14:36:29Z" finished-at="2018-10-09T14:36:29Z">
          <reporter-output>
          </reporter-output>
        </test-method> <!-- captureStatus -->
        <test-method status="SKIP" signature="removeCart()[pri:0, instance:com.levi.api.aoslse.RemoveCart@67b64c45]" name="removeCart" duration-ms="0" started-at="2018-10-09T14:36:29Z" finished-at="2018-10-09T14:36:29Z">
          <reporter-output>
          </reporter-output>
        </test-method> <!-- removeCart -->
      </class> <!-- com.levi.api.aoslse.RemoveCart -->
      <class name="com.levi.api.aoslse.Promo">
        <test-method status="PASS" signature="authToken()[pri:0, instance:com.levi.api.aoslse.Promo@506e6d5e]" name="authToken" is-config="true" duration-ms="2003" started-at="2018-10-09T14:35:23Z" finished-at="2018-10-09T14:35:25Z">
          <reporter-output>
          </reporter-output>
        </test-method> <!-- authToken -->
        <test-method status="PASS" signature="createCartID()[pri:0, instance:com.levi.api.aoslse.Promo@506e6d5e]" name="createCartID" is-config="true" duration-ms="975" started-at="2018-10-09T14:35:25Z" finished-at="2018-10-09T14:35:26Z">
          <reporter-output>
          </reporter-output>
        </test-method> <!-- createCartID -->
        <test-method status="PASS" signature="promo()[pri:0, instance:com.levi.api.aoslse.Promo@506e6d5e]" name="promo" duration-ms="22315" started-at="2018-10-09T14:35:26Z" finished-at="2018-10-09T14:35:48Z">
          <reporter-output>
          </reporter-output>
        </test-method> <!-- promo -->
        <test-method status="PASS" signature="captureStatus(org.testng.ITestResult)[pri:0, instance:com.levi.api.aoslse.Promo@506e6d5e]" name="captureStatus" is-config="true" duration-ms="0" started-at="2018-10-09T14:35:48Z" finished-at="2018-10-09T14:35:48Z">
          <params>
            <param index="0">
              <value>
                <![CDATA[[TestResult name=promo status=SUCCESS method=Promo.promo()[pri:0, instance:com.levi.api.aoslse.Promo@506e6d5e] output={null}]]]>
              </value>
            </param>
          </params>
          <reporter-output>
          </reporter-output>
        </test-method> <!-- captureStatus -->
      </class> <!-- com.levi.api.aoslse.Promo -->
    </test> <!-- AOSLSE API -->
  </suite> <!-- Levi API Suite -->
</testng-results>
