<?xml version="1.0" encoding="UTF-8"?>
<testsuite name="TestSuite" time="79.316" tests="7" errors="0" skipped="3" failures="1">
  <properties>
[...]
</properties>
  <testcase name="promo" classname="com.levi.api.aoslse.Promo" time="22.315"/>
  <testcase name="editCart" classname="com.levi.api.aoslse.EditCart" time="19.332"/>
  <testcase name="happy" classname="com.levi.api.aoslse.Happy" time="18.829"/>
  <testcase name="createCartIDRemoveCart" classname="com.levi.api.aoslse.RemoveCart" time="18.84">
    <failure message="accessToken cannot be null" type="java.lang.IllegalArgumentException">java.lang.IllegalArgumentException: accessToken cannot be null
	at sun.reflect.NativeConstructorAccessorImpl.newInstance0(Native Method)
	at sun.reflect.NativeConstructorAccessorImpl.newInstance(NativeConstructorAccessorImpl.java:62)
	at sun.reflect.DelegatingConstructorAccessorImpl.newInstance(DelegatingConstructorAccessorImpl.java:45)
	at java.lang.reflect.Constructor.newInstance(Constructor.java:423)
	at org.codehaus.groovy.reflection.CachedConstructor.invoke(CachedConstructor.java:80)
	at org.codehaus.groovy.reflection.CachedConstructor.doConstructorInvoke(CachedConstructor.java:74)
	at org.codehaus.groovy.runtime.callsite.ConstructorSite$ConstructorSiteNoUnwrap.callConstructor(ConstructorSite.java:84)
	at org.codehaus.groovy.runtime.callsite.CallSiteArray.defaultCallConstructor(CallSiteArray.java:60)
	at org.codehaus.groovy.runtime.callsite.AbstractCallSite.callConstructor(AbstractCallSite.java:235)
	at org.codehaus.groovy.runtime.callsite.AbstractCallSite.callConstructor(AbstractCallSite.java:247)
	at com.jayway.restassured.internal.assertion.AssertParameter.notNull(AssertParameter.groovy:26)
	at com.jayway.restassured.internal.assertion.AssertParameter$notNull.callStatic(Unknown Source)
	at org.codehaus.groovy.runtime.callsite.CallSiteArray.defaultCallStatic(CallSiteArray.java:56)
	at com.jayway.restassured.internal.assertion.AssertParameter$notNull.callStatic(Unknown Source)
	at com.jayway.restassured.internal.AuthenticationSpecificationImpl.oauth2(AuthenticationSpecificationImpl.groovy:147)
	at com.jayway.restassured.specification.AuthenticationSpecification$oauth2.callCurrent(Unknown Source)
	at org.codehaus.groovy.runtime.callsite.CallSiteArray.defaultCallCurrent(CallSiteArray.java:52)
	at com.jayway.restassured.specification.AuthenticationSpecification$oauth2.callCurrent(Unknown Source)
	at com.jayway.restassured.internal.AuthenticationSpecificationImpl.oauth2(AuthenticationSpecificationImpl.groovy:140)
	at com.levi.api.aoslse.RemoveCart.createCartIDRemoveCart(RemoveCart.java:135)
</failure>
  </testcase>
  <testcase name="getTokenRemoveCart" classname="com.levi.api.aoslse.RemoveCart" time="0">
    <skipped/>
  </testcase>
  <testcase name="removeCart" classname="com.levi.api.aoslse.RemoveCart" time="0">
    <skipped/>
  </testcase>
  <testcase name="captureStatus" classname="com.levi.api.aoslse.RemoveCart" time="0">
    <skipped/>
  </testcase>
</testsuite>