<?xml version="1.0" encoding="UTF-8"?>
<testng-results skipped="0" failed="0" total="1" passed="1">
  <reporter-output>
  </reporter-output>
  <suite name="Default suite" duration-ms="38648" started-at="2018-10-04T21:12:33Z" finished-at="2018-10-04T21:13:12Z">
    <groups>
    </groups>
    <test name="Default test" duration-ms="38648" started-at="2018-10-04T21:12:33Z" finished-at="2018-10-04T21:13:12Z">
      <class name="com.levi.api.aoslse.EditCart">
        <test-method status="PASS" signature="setup()[pri:0, instance:com.levi.api.aoslse.EditCart@ae45eb6]" name="setup" is-config="true" duration-ms="489" started-at="2018-10-04T14:12:33Z" finished-at="2018-10-04T14:12:34Z">
          <reporter-output>
          </reporter-output>
        </test-method> <!-- setup -->
        <test-method status="PASS" signature="editCart()[pri:0, instance:com.levi.api.aoslse.EditCart@ae45eb6]" name="editCart" duration-ms="37902" started-at="2018-10-04T14:12:34Z" finished-at="2018-10-04T14:13:12Z">
          <reporter-output>
          </reporter-output>
        </test-method> <!-- editCart -->
        <test-method status="PASS" signature="captureStatus(org.testng.ITestResult)[pri:0, instance:com.levi.api.aoslse.EditCart@ae45eb6]" name="captureStatus" is-config="true" duration-ms="1" started-at="2018-10-04T14:13:12Z" finished-at="2018-10-04T14:13:12Z">
          <params>
            <param index="0">
              <value>
                <![CDATA[[TestResult name=editCart status=SUCCESS method=EditCart.editCart()[pri:0, instance:com.levi.api.aoslse.EditCart@ae45eb6] output={null}]]]>
              </value>
            </param>
          </params>
          <reporter-output>
          </reporter-output>
        </test-method> <!-- captureStatus -->
        <test-method status="PASS" signature="cleanup()[pri:0, instance:com.levi.api.aoslse.EditCart@ae45eb6]" name="cleanup" is-config="true" duration-ms="245" started-at="2018-10-04T14:13:12Z" finished-at="2018-10-04T14:13:12Z">
          <reporter-output>
          </reporter-output>
        </test-method> <!-- cleanup -->
      </class> <!-- com.levi.api.aoslse.EditCart -->
    </test> <!-- Default test -->
  </suite> <!-- Default suite -->
</testng-results>
