<?xml version="1.0" encoding="UTF-8"?>
<testng-results skipped="0" failed="0" total="1" passed="1">
  <reporter-output>
  </reporter-output>
  <suite name="Default suite" duration-ms="30229" started-at="2018-10-08T22:46:10Z" finished-at="2018-10-08T22:46:41Z">
    <groups>
    </groups>
    <test name="Default test" duration-ms="30229" started-at="2018-10-08T22:46:10Z" finished-at="2018-10-08T22:46:41Z">
      <class name="com.levi.api.aoslse.Promo">
        <test-method status="PASS" signature="setup()[pri:0, instance:com.levi.api.aoslse.Promo@685cb137]" name="setup" is-config="true" duration-ms="366" started-at="2018-10-08T15:46:10Z" finished-at="2018-10-08T15:46:10Z">
          <reporter-output>
          </reporter-output>
        </test-method> <!-- setup -->
        <test-method status="PASS" signature="authToken()[pri:0, instance:com.levi.api.aoslse.Promo@685cb137]" name="authToken" is-config="true" duration-ms="2031" started-at="2018-10-08T15:46:10Z" finished-at="2018-10-08T15:46:13Z">
          <reporter-output>
          </reporter-output>
        </test-method> <!-- authToken -->
        <test-method status="PASS" signature="createCartID()[pri:0, instance:com.levi.api.aoslse.Promo@685cb137]" name="createCartID" is-config="true" duration-ms="675" started-at="2018-10-08T15:46:13Z" finished-at="2018-10-08T15:46:13Z">
          <reporter-output>
          </reporter-output>
        </test-method> <!-- createCartID -->
        <test-method status="PASS" signature="promo()[pri:0, instance:com.levi.api.aoslse.Promo@685cb137]" name="promo" duration-ms="27263" started-at="2018-10-08T15:46:13Z" finished-at="2018-10-08T15:46:40Z">
          <reporter-output>
          </reporter-output>
        </test-method> <!-- promo -->
        <test-method status="PASS" signature="captureStatus(org.testng.ITestResult)[pri:0, instance:com.levi.api.aoslse.Promo@685cb137]" name="captureStatus" is-config="true" duration-ms="0" started-at="2018-10-08T15:46:40Z" finished-at="2018-10-08T15:46:40Z">
          <params>
            <param index="0">
              <value>
                <![CDATA[[TestResult name=promo status=SUCCESS method=Promo.promo()[pri:0, instance:com.levi.api.aoslse.Promo@685cb137] output={null}]]]>
              </value>
            </param>
          </params>
          <reporter-output>
          </reporter-output>
        </test-method> <!-- captureStatus -->
        <test-method status="PASS" signature="cleanup()[pri:0, instance:com.levi.api.aoslse.Promo@685cb137]" name="cleanup" is-config="true" duration-ms="249" started-at="2018-10-08T15:46:40Z" finished-at="2018-10-08T15:46:41Z">
          <reporter-output>
          </reporter-output>
        </test-method> <!-- cleanup -->
      </class> <!-- com.levi.api.aoslse.Promo -->
    </test> <!-- Default test -->
  </suite> <!-- Default suite -->
</testng-results>
